<?xml version="1.0" encoding="UTF-8"?>
<!-- Generated by org.testng.reporters.JUnitXMLReporter -->
<testsuite hostname="LAPTOP-OCA30NA0" ignored="6" name="Test" tests="8" failures="0" timestamp="22 Jun 2020 02:01:00 GMT" time="130.85" errors="0">
  <testcase name="VerifySliderMove" time="0.506" classname="co.shorttermloan.credit.testcases.TC001_VerifySliderMovementRight"/>
  <testcase name="VerifySliderMove" time="0.482" classname="co.shorttermloan.credit.testcases.TC001_VerifySliderMovementRight"/>
  <testcase name="VerifySliderMove" time="0.437" classname="co.shorttermloan.credit.testcases.TC001_VerifySliderMovementRight"/>
  <testcase name="VerifySliderMove" time="0.423" classname="co.shorttermloan.credit.testcases.TC002_VerifySliderMovementLeft"/>
  <testcase name="VerifySliderMove" time="0.34" classname="co.shorttermloan.credit.testcases.TC002_VerifySliderMovementLeft"/>
  <testcase name="VerifySliderMove" time="0.362" classname="co.shorttermloan.credit.testcases.TC002_VerifySliderMovementLeft"/>
  <testcase name="VerifySliderMove" time="0.309" classname="co.shorttermloan.credit.testcases.TC003_MinMaxLoanAmountOnTheSlider"/>
  <testcase name="VerifyWeekendPayDate" time="3.548" classname="co.shorttermloan.credit.testcases.TC004_VerifyRepaymentDateForWeekendDay"/>
  <testcase name="@AfterSuite stopReport" time="0.0" classname="utils.Reporter">
    <ignored/>
  </testcase> <!-- @AfterSuite stopReport -->
  <testcase name="@AfterSuite stopReport" time="0.0" classname="utils.Reporter">
    <ignored/>
  </testcase> <!-- @AfterSuite stopReport -->
  <testcase name="@AfterSuite stopReport" time="0.0" classname="utils.Reporter">
    <ignored/>
  </testcase> <!-- @AfterSuite stopReport -->
  <testcase name="@BeforeSuite startReport" time="0.0" classname="utils.Reporter">
    <ignored/>
  </testcase> <!-- @BeforeSuite startReport -->
  <testcase name="@BeforeSuite startReport" time="0.0" classname="utils.Reporter">
    <ignored/>
  </testcase> <!-- @BeforeSuite startReport -->
  <testcase name="@BeforeSuite startReport" time="0.0" classname="utils.Reporter">
    <ignored/>
  </testcase> <!-- @BeforeSuite startReport -->
</testsuite> <!-- Test -->
